<?xml version="1.0" encoding="UTF-8"?>
<!-- Generated by org.testng.reporters.JUnitReportReporter -->
<testsuite hostname="Lenovo" failures="0" tests="1" name="SeleniumCode.MainClass" time="10.726" errors="0" timestamp="20 Feb 2024 06:25:39 GMT" skipped="0">
  <testcase classname="SeleniumCode.MainClass" name="main" time="10.726"/>
</testsuite> <!-- SeleniumCode.MainClass -->
