<?xml version="1.0" encoding="UTF-8"?>
<!-- Generated by org.testng.reporters.JUnitReportReporter -->
<testsuite hostname="Lenovo" failures="0" tests="2" name="SeleniumCode.SelectClass" time="4.210" errors="0" timestamp="20 Feb 2024 05:09:13 GMT" skipped="0">
  <testcase classname="SeleniumCode.SelectClass" name="lunch" time="3.797"/>
  <testcase classname="SeleniumCode.SelectClass" name="selectMethod" time="0.413"/>
</testsuite> <!-- SeleniumCode.SelectClass -->
