<?xml version="1.0" encoding="UTF-8"?>
<!-- Generated by org.testng.reporters.JUnitReportReporter -->
<testsuite hostname="Lenovo" failures="0" tests="2" name="SeleniumCode.Demo" time="0.014" errors="0" timestamp="27 Mar 2024 12:59:20 GMT" skipped="1">
  <testcase classname="SeleniumCode.Demo" name="test" time="0.014"/>
  <testcase classname="SeleniumCode.Demo" name="display">
    <skipped/>
  </testcase> <!-- display -->
</testsuite> <!-- SeleniumCode.Demo -->
