<?xml version="1.0" encoding="UTF-8"?>
<!-- Generated by org.testng.reporters.JUnitReportReporter -->
<testsuite hostname="Lenovo" failures="0" tests="1" name="SeleniumCode.LunchBrowser" time="5.030" errors="0" timestamp="20 Feb 2024 04:29:51 GMT" skipped="0">
  <testcase classname="SeleniumCode.LunchBrowser" name="lunch" time="5.030"/>
</testsuite> <!-- SeleniumCode.LunchBrowser -->
